Traceback (most recent call last):
  File "/home/codespace/.local/lib/python3.12/site-packages/jupyter_core/utils/__init__.py", line 154, in wrapped
    asyncio.get_running_loop()
RuntimeError: no running event loop

During handling of the above exception, another exception occurred:

Traceback (most recent call last):
  File "/usr/local/python/3.12.1/lib/python3.12/site-packages/jupyter_cache/executors/utils.py", line 58, in single_nb_execution
    executenb(
  File "/home/codespace/.local/lib/python3.12/site-packages/nbclient/client.py", line 1319, in execute
    return NotebookClient(nb=nb, resources=resources, km=km, **kwargs).execute()
           ^^^^^^^^^^^^^^^^^^^^^^^^^^^^^^^^^^^^^^^^^^^^^^^^^^^^^^^^^^^^^^^^^^^^^
  File "/home/codespace/.local/lib/python3.12/site-packages/jupyter_core/utils/__init__.py", line 158, in wrapped
    return loop.run_until_complete(inner)
           ^^^^^^^^^^^^^^^^^^^^^^^^^^^^^^
  File "/usr/local/python/3.12.1/lib/python3.12/asyncio/base_events.py", line 684, in run_until_complete
    return future.result()
           ^^^^^^^^^^^^^^^
  File "/home/codespace/.local/lib/python3.12/site-packages/nbclient/client.py", line 709, in async_execute
    await self.async_execute_cell(
  File "/home/codespace/.local/lib/python3.12/site-packages/nbclient/client.py", line 1062, in async_execute_cell
    await self._check_raise_for_error(cell, cell_index, exec_reply)
  File "/home/codespace/.local/lib/python3.12/site-packages/nbclient/client.py", line 918, in _check_raise_for_error
    raise CellExecutionError.from_cell_and_msg(cell, exec_reply_content)
nbclient.exceptions.CellExecutionError: An error occurred while executing the following cell:
------------------
import pandas as pd
import numpy as np
from sklearn.impute import SimpleImputer
from sklearn.preprocessing import OneHotEncoder, OrdinalEncoder
from sklearn.preprocessing import StandardScaler
from scipy import stats
from scipy.stats import zscore

# ===============================
# 1. Cargar dataset y metadatos
# ===============================

df = pd.read_csv(DATA_PATH)

# Fuente, tama√±o, n√∫mero de variables, licencia
fuente = "Ames Housing Dataset (De Cock, 2011) ‚Äî Iowa State University"
tamano = data.shape[0]
n_variables = data.shape[1]
licencia = "Open Data, libre uso acad√©mico"

print(f"Fuente: {fuente}")
print(f"Tama√±o: {tamano} registros")
print(f"N√∫mero de variables: {n_variables}")
print(f"Licencia: {licencia}")

# ===============================
# 2. Porcentaje de valores faltantes
# ===============================

faltantes = data.isna().mean().sort_values(ascending=False) * 100
tipos = data.dtypes
tabla_faltantes = pd.DataFrame({
    "Tipo de variable": tipos,
    "% Faltantes": faltantes.round(2)
})
tabla_faltantes.head(20)
------------------


[31m---------------------------------------------------------------------------[39m
[31mNameError[39m                                 Traceback (most recent call last)
[36mCell[39m[36m [39m[32mIn[2][39m[32m, line 17[39m
[32m     15[39m [38;5;66;03m# Fuente, tama√±o, n√∫mero de variables, licencia[39;00m
[32m     16[39m fuente = [33m"[39m[33mAmes Housing Dataset (De Cock, 2011) ‚Äî Iowa State University[39m[33m"[39m
[32m---> [39m[32m17[39m tamano = [43mdata[49m.shape[[32m0[39m]
[32m     18[39m n_variables = data.shape[[32m1[39m]
[32m     19[39m licencia = [33m"[39m[33mOpen Data, libre uso acad√©mico[39m[33m"[39m

[31mNameError[39m: name 'data' is not defined

