Traceback (most recent call last):
  File "/home/codespace/.local/lib/python3.12/site-packages/jupyter_core/utils/__init__.py", line 154, in wrapped
    asyncio.get_running_loop()
RuntimeError: no running event loop

During handling of the above exception, another exception occurred:

Traceback (most recent call last):
  File "/home/codespace/.python/current/lib/python3.12/site-packages/jupyter_cache/executors/utils.py", line 58, in single_nb_execution
    executenb(
  File "/home/codespace/.local/lib/python3.12/site-packages/nbclient/client.py", line 1319, in execute
    return NotebookClient(nb=nb, resources=resources, km=km, **kwargs).execute()
           ^^^^^^^^^^^^^^^^^^^^^^^^^^^^^^^^^^^^^^^^^^^^^^^^^^^^^^^^^^^^^^^^^^^^^
  File "/home/codespace/.local/lib/python3.12/site-packages/jupyter_core/utils/__init__.py", line 158, in wrapped
    return loop.run_until_complete(inner)
           ^^^^^^^^^^^^^^^^^^^^^^^^^^^^^^
  File "/home/codespace/.python/current/lib/python3.12/asyncio/base_events.py", line 684, in run_until_complete
    return future.result()
           ^^^^^^^^^^^^^^^
  File "/home/codespace/.local/lib/python3.12/site-packages/nbclient/client.py", line 709, in async_execute
    await self.async_execute_cell(
  File "/home/codespace/.local/lib/python3.12/site-packages/nbclient/client.py", line 1062, in async_execute_cell
    await self._check_raise_for_error(cell, cell_index, exec_reply)
  File "/home/codespace/.local/lib/python3.12/site-packages/nbclient/client.py", line 918, in _check_raise_for_error
    raise CellExecutionError.from_cell_and_msg(cell, exec_reply_content)
nbclient.exceptions.CellExecutionError: An error occurred while executing the following cell:
------------------
from sklearn.model_selection import train_test_split
from sklearn.preprocessing import StandardScaler
from sklearn.metrics import mean_squared_error, mean_absolute_error, r2_score
import numpy as np
import pandas as pd
import statsmodels.api as sm

# ---Dividir datos ---

data_modelo_base = pd.read_csv(DATA_PATH)

data_modelo_base = data_modelo_base[['SalePrice','Overall Qual','Gr Liv Area','Garage Area','Total Bsmt SF','1st Flr SF','Year Built','Year Remod/Add','Full Bath','Fireplaces','Mas Vnr Area','BsmtFin SF 1']]
X = data_modelo_base[['Overall Qual','Gr Liv Area','Garage Area','Total Bsmt SF','1st Flr SF','Year Built','Year Remod/Add','Full Bath','Fireplaces','Mas Vnr Area','BsmtFin SF 1']]
y = data_modelo_base[['SalePrice']]

X_train, X_test, y_train, y_test = train_test_split(X, y, test_size=0.3, random_state=42)

# ---Estandarizar variables ---
scaler = StandardScaler()
X_train_scaled = scaler.fit_transform(X_train)
X_test_scaled = scaler.transform(X_test)

# --- AÃ±adir intercepto ---
X_train_scaled_const = sm.add_constant(X_train_scaled)
X_test_scaled_const = sm.add_constant(X_test_scaled)

# --- FunciÃ³n de evaluaciÃ³n ---
def evaluar_modelo(modelo, X_train, y_train, X_test, y_test):
    # Ajustar modelo
    modelo_fit = modelo(y_train, X_train).fit()
    
    # Predicciones
    y_pred_train = modelo_fit.predict(X_train)
    y_pred_test = modelo_fit.predict(X_test)
    
    # MÃ©tricas entrenamiento
    r2_train = r2_score(y_train, y_pred_train)
    rmse_train = np.sqrt(mean_squared_error(y_train, y_pred_train))
    mae_train = mean_absolute_error(y_train, y_pred_train)
    
    # MÃ©tricas prueba
    r2_test = r2_score(y_test, y_pred_test)
    rmse_test = np.sqrt(mean_squared_error(y_test, y_pred_test))
    mae_test = mean_absolute_error(y_test, y_pred_test)
    
    # Overfitting: diferencia entre entrenamiento y prueba
    overfit = r2_train - r2_test
    
    # Devolver resultados
    resultados = pd.DataFrame({
        'R2': [r2_train, r2_test],
        'RMSE': [rmse_train, rmse_test],
        'MAE': [mae_train, mae_test],
        'Overfitting_R2': [overfit, overfit]
    }, index=['Train', 'Test'])
    
    return resultados, y_pred_train, y_pred_test

# ---Evaluar OLS ---
resultados_eval, y_pred_train, y_pred_test = evaluar_modelo(sm.OLS, X_train_scaled_const, y_train, X_test_scaled_const, y_test)
resultados_eval
------------------


[31m---------------------------------------------------------------------------[39m
[31mModuleNotFoundError[39m                       Traceback (most recent call last)
[36mCell[39m[36m [39m[32mIn[2][39m[32m, line 6[39m
[32m      4[39m [38;5;28;01mimport[39;00m[38;5;250m [39m[34;01mnumpy[39;00m[38;5;250m [39m[38;5;28;01mas[39;00m[38;5;250m [39m[34;01mnp[39;00m
[32m      5[39m [38;5;28;01mimport[39;00m[38;5;250m [39m[34;01mpandas[39;00m[38;5;250m [39m[38;5;28;01mas[39;00m[38;5;250m [39m[34;01mpd[39;00m
[32m----> [39m[32m6[39m [38;5;28;01mimport[39;00m[38;5;250m [39m[34;01mstatsmodels[39;00m[34;01m.[39;00m[34;01mapi[39;00m[38;5;250m [39m[38;5;28;01mas[39;00m[38;5;250m [39m[34;01msm[39;00m
[32m      8[39m [38;5;66;03m# ---Dividir datos ---[39;00m
[32m     10[39m data_modelo_base = pd.read_csv(DATA_PATH)

[31mModuleNotFoundError[39m: No module named 'statsmodels'

